0 info it worked if it ends with ok
1 verbose cli [ 'node', '/usr/bin/npm', 'install', '-g', 'jshint' ]
2 info using npm@1.3.6
3 info using node@v0.10.24
4 verbose cache add [ 'jshint', null ]
5 verbose cache add name=undefined spec="jshint" args=["jshint",null]
6 verbose parsed url { protocol: null,
6 verbose parsed url   slashes: null,
6 verbose parsed url   auth: null,
6 verbose parsed url   host: null,
6 verbose parsed url   port: null,
6 verbose parsed url   hostname: null,
6 verbose parsed url   hash: null,
6 verbose parsed url   search: null,
6 verbose parsed url   query: null,
6 verbose parsed url   pathname: 'jshint',
6 verbose parsed url   path: 'jshint',
6 verbose parsed url   href: 'jshint' }
7 silly lockFile da5c03cb-jshint jshint
8 verbose lock jshint /home/nidu/.npm/da5c03cb-jshint.lock
9 silly lockFile da5c03cb-jshint jshint
10 silly lockFile da5c03cb-jshint jshint
11 verbose addNamed [ 'jshint', '' ]
12 verbose addNamed [ null, '*' ]
13 silly lockFile a02a2468-jshint jshint@
14 verbose lock jshint@ /home/nidu/.npm/a02a2468-jshint.lock
15 silly addNameRange { name: 'jshint', range: '*', hasData: false }
16 verbose url raw jshint
17 verbose url resolving [ 'https://registry.npmjs.org/', './jshint' ]
18 verbose url resolved https://registry.npmjs.org/jshint
19 info trying registry request attempt 1 at 03:30:55
20 http GET https://registry.npmjs.org/jshint
21 info retry will retry, error on last attempt: Error: tunneling socket could not be established, cause=3078256992:error:140770FC:SSL routines:SSL23_GET_SERVER_HELLO:unknown protocol:s23_clnt.c:766:
22 info trying registry request attempt 2 at 03:31:05
23 http GET https://registry.npmjs.org/jshint
24 info retry will retry, error on last attempt: Error: tunneling socket could not be established, cause=3078256992:error:140770FC:SSL routines:SSL23_GET_SERVER_HELLO:unknown protocol:s23_clnt.c:766:
25 info trying registry request attempt 3 at 03:32:05
26 http GET https://registry.npmjs.org/jshint
27 silly lockFile a02a2468-jshint jshint@
28 silly lockFile a02a2468-jshint jshint@
29 error network tunneling socket could not be established, cause=3078256992:error:140770FC:SSL routines:SSL23_GET_SERVER_HELLO:unknown protocol:s23_clnt.c:766:
29 error network
29 error network This is most likely not a problem with npm itself
29 error network and is related to network connectivity.
29 error network In most cases you are behind a proxy or have bad network settings.
29 error network
29 error network If you are behind a proxy, please make sure that the
29 error network 'proxy' config is set properly.  See: 'npm help config'
30 error System Linux 2.6.32-358.14.1.el6.i686
31 error command "node" "/usr/bin/npm" "install" "-g" "jshint"
32 error cwd /mnt/hgfs/development/nasty-squirrel
33 error node -v v0.10.24
34 error npm -v 1.3.6
35 error code ECONNRESET
36 verbose exit [ 1, true ]
